<?xml version="1.0" encoding="UTF-8"?>
<!-- Generated by org.testng.reporters.JUnitReportReporter -->
<testsuite hostname="LAKSH-PC-7OB823MK" failures="0" tests="2" name="qaclickacademy.Mavenjava.APITest" time="0.001" errors="0" timestamp="2022-06-25T14:02:20 IST" skipped="0">
  <testcase classname="qaclickacademy.Mavenjava.APITest" name="fbdeleteTC" time="0.001"/>
  <system-out/>
  <testcase classname="qaclickacademy.Mavenjava.APITest" name="PostJira" time="0.000"/>
  <system-out/>
</testsuite> <!-- qaclickacademy.Mavenjava.APITest -->
