<?xml version="1.0" encoding="UTF-8"?>
<!-- Generated by org.testng.reporters.JUnitReportReporter -->
<testsuite hostname="LAKSH-PC-7OB823MK" failures="0" tests="3" name="qaclickacademy.Mavenjava.SeleniumTest" time="27.789" errors="0" timestamp="2022-06-25T19:02:41 IST" skipped="0">
  <testcase classname="qaclickacademy.Mavenjava.SeleniumTest" name="main" time="27.789"/>
  <system-out/>
  <testcase classname="qaclickacademy.Mavenjava.SeleniumTest" name="elemntUI" time="0.000"/>
  <system-out/>
  <testcase classname="qaclickacademy.Mavenjava.SeleniumTest" name="BrowserAutomation" time="0.000"/>
  <system-out/>
</testsuite> <!-- qaclickacademy.Mavenjava.SeleniumTest -->
